SF:lib\app\core\usecase\usecase.dart
DA:12,1
DA:13,1
LF:2
LH:2
end_of_record
SF:lib\app\core\error\failure.dart
DA:4,2
DA:5,2
LF:2
LH:2
end_of_record
SF:lib\app\features\home\data\models\actor_model.dart
DA:5,4
DA:14,2
DA:15,2
DA:16,4
DA:17,2
DA:18,2
DA:19,2
DA:20,2
DA:21,2
DA:25,1
DA:26,1
DA:27,1
DA:28,1
DA:29,1
DA:30,1
DA:31,1
DA:32,1
DA:36,2
DA:37,8
LF:19
LH:19
end_of_record
SF:lib\app\core\common\result.dart
DA:8,1
DA:10,1
DA:11,2
DA:16,1
DA:18,1
DA:19,2
DA:24,1
DA:26,1
DA:27,3
DA:32,1
DA:34,1
DA:35,3
LF:12
LH:12
end_of_record
SF:lib\app\core\common\status_code_extension.dart
DA:11,3
DA:13,0
DA:14,0
DA:15,0
DA:16,0
DA:17,0
DA:19,0
DA:20,0
LF:8
LH:1
end_of_record
SF:lib\app\core\common\time.dart
DA:2,2
DA:3,2
LF:2
LH:2
end_of_record
SF:lib\app\core\entities\entity.dart
DA:5,17
DA:7,0
DA:8,0
LF:3
LH:1
end_of_record
SF:lib\app\features\home\data\datasources\movie_data_source.dart
DA:19,2
DA:20,0
DA:21,0
DA:22,0
LF:4
LH:1
end_of_record
SF:lib\app\features\home\data\models\movie_model.dart
DA:7,3
DA:24,2
DA:25,2
DA:26,4
DA:27,2
DA:28,2
DA:29,2
DA:30,2
DA:31,6
DA:32,2
DA:33,2
DA:34,4
DA:35,2
DA:36,4
DA:37,2
DA:38,2
DA:43,2
DA:44,4
DA:47,1
DA:48,1
DA:49,1
DA:50,1
DA:51,1
DA:52,1
DA:53,1
DA:54,5
DA:55,1
DA:56,1
DA:57,1
DA:58,1
DA:59,1
DA:60,1
DA:61,1
DA:65,2
DA:66,2
DA:67,2
DA:68,2
DA:69,2
DA:70,2
DA:71,2
DA:72,2
DA:73,2
DA:74,2
DA:75,2
DA:76,2
DA:77,2
DA:78,2
DA:79,2
DA:84,2
DA:89,6
DA:90,2
LF:51
LH:51
end_of_record
SF:lib\app\features\home\data\datasources\movie_data_source_impl.dart
DA:13,1
DA:15,1
DA:17,2
DA:18,2
DA:19,1
DA:24,2
DA:25,3
DA:27,1
DA:31,1
DA:33,2
DA:34,1
DA:35,2
DA:36,1
DA:41,2
DA:42,1
DA:43,2
DA:45,1
DA:49,1
DA:51,2
DA:52,1
DA:53,1
DA:54,1
DA:59,2
DA:60,3
DA:62,1
DA:66,1
DA:67,1
DA:69,2
LF:28
LH:28
end_of_record
SF:lib\app\features\home\domain\entities\actor_entity.dart
DA:10,6
DA:19,1
DA:20,1
DA:21,1
DA:22,1
DA:23,1
DA:24,1
DA:25,1
DA:26,1
LF:9
LH:9
end_of_record
SF:lib\app\features\home\data\models\gender_model.dart
DA:5,7
DA:10,3
DA:11,3
DA:12,6
DA:13,3
DA:17,2
DA:18,2
DA:19,2
DA:20,2
DA:24,3
DA:25,12
LF:11
LH:11
end_of_record
SF:lib\app\features\home\domain\entities\gender_entity.dart
DA:6,7
DA:11,3
DA:12,9
LF:3
LH:3
end_of_record
SF:lib\app\features\home\domain\entities\movie_entity.dart
DA:24,1
DA:25,5
DA:27,8
DA:45,3
DA:46,3
DA:48,3
DA:49,3
DA:50,3
DA:51,3
DA:52,3
DA:53,3
DA:54,3
DA:55,3
DA:56,3
DA:57,3
DA:58,3
DA:59,3
LF:17
LH:17
end_of_record
SF:lib\app\features\home\domain\entities\media_entity.dart
DA:8,0
DA:10,0
DA:12,0
DA:14,0
DA:16,0
DA:19,0
DA:26,8
LF:7
LH:1
end_of_record
SF:lib\app\features\home\domain\usecases\get_cast_usecase.dart
DA:11,1
DA:13,1
DA:15,3
DA:22,2
DA:26,1
DA:27,2
DA:31,1
DA:35,0
LF:8
LH:7
end_of_record
SF:lib\app\core\common\extensions\nullable_extension.dart
DA:3,0
DA:6,0
LF:2
LH:0
end_of_record
SF:lib\app\features\home\data\datasources\tv_serie_data_source.dart
DA:19,0
DA:20,0
DA:21,0
DA:22,0
LF:4
LH:0
end_of_record
SF:lib\app\features\home\data\models\tv_serie_model.dart
DA:7,0
DA:23,0
DA:24,0
DA:25,0
DA:26,0
DA:27,0
DA:28,0
DA:29,0
DA:30,0
DA:31,0
DA:32,0
DA:33,0
DA:34,0
DA:35,0
DA:36,0
DA:41,0
DA:43,0
DA:46,0
DA:47,0
DA:48,0
DA:49,0
DA:50,0
DA:51,0
DA:52,0
DA:53,0
DA:54,0
DA:55,0
DA:56,0
DA:57,0
DA:58,0
DA:59,0
DA:63,0
DA:64,0
DA:65,0
DA:66,0
DA:67,0
DA:68,0
DA:69,0
DA:70,0
DA:71,0
DA:72,0
DA:73,0
DA:74,0
DA:75,0
DA:76,0
DA:81,0
DA:86,0
DA:87,0
LF:48
LH:0
end_of_record
SF:lib\app\features\home\domain\entities\tv_serie_entity.dart
DA:20,0
DA:22,0
DA:23,0
DA:24,0
DA:26,0
DA:43,0
DA:44,0
DA:45,0
DA:46,0
DA:47,0
DA:48,0
DA:49,0
DA:50,0
DA:51,0
DA:52,0
DA:53,0
DA:54,0
DA:55,0
DA:56,0
LF:19
LH:0
end_of_record
SF:lib\app\features\home\data\repositories\movie_repository_impl.dart
DA:13,1
DA:15,1
DA:18,3
DA:19,1
DA:20,2
DA:24,1
DA:29,3
DA:30,1
DA:31,2
DA:35,1
DA:38,3
DA:39,1
DA:40,2
LF:13
LH:13
end_of_record
SF:lib\app\features\home\domain\usecases\get_movies_usecase.dart
DA:11,1
DA:13,1
DA:15,3
DA:22,2
DA:24,1
DA:25,2
LF:6
LH:6
end_of_record
SF:lib\app\features\home\domain\usecases\get_movie_usecase.dart
DA:10,1
DA:12,1
DA:14,3
DA:21,2
DA:23,1
DA:24,2
LF:6
LH:6
end_of_record
SF:lib\app\features\home\domain\usecases\get_suggestions_usecase.dart
DA:10,0
DA:12,0
DA:14,0
DA:21,0
DA:23,0
DA:24,0
LF:6
LH:0
end_of_record
SF:lib\app\features\home\domain\usecases\get_tv_series_usecase.dart
DA:12,0
DA:14,0
DA:16,0
DA:23,0
DA:25,0
DA:26,0
LF:6
LH:0
end_of_record
SF:lib\app\features\home\presentation\stores\home_store.g.dart
DA:14,0
DA:15,0
DA:16,0
DA:17,0
DA:20,0
DA:22,0
DA:24,0
DA:27,0
DA:29,0
DA:31,0
DA:34,0
DA:35,0
DA:36,0
DA:38,0
DA:41,0
DA:42,0
DA:43,0
DA:45,0
DA:48,0
DA:49,0
DA:50,0
DA:52,0
DA:55,1
DA:56,1
DA:57,3
DA:59,1
DA:62,1
DA:64,2
DA:65,2
DA:67,1
DA:70,1
DA:72,2
DA:73,2
DA:75,1
DA:78,1
DA:80,2
DA:81,2
DA:83,1
DA:86,0
DA:87,0
DA:88,0
DA:90,0
DA:93,0
DA:95,0
DA:96,0
DA:98,0
DA:101,0
DA:103,0
DA:104,0
DA:106,0
DA:109,0
DA:111,0
DA:112,0
DA:113,0
DA:115,0
DA:118,0
DA:120,0
DA:121,0
DA:123,0
DA:126,0
DA:127,0
DA:128,0
DA:130,0
DA:132,1
DA:133,2
DA:135,0
DA:137,0
DA:138,0
DA:141,1
DA:143,4
DA:144,1
DA:151,0
DA:153,0
DA:154,0
DA:157,0
DA:159,0
DA:160,0
DA:167,0
DA:169,0
DA:170,0
DA:173,0
DA:175,0
DA:176,0
DA:183,0
DA:185,0
DA:186,0
DA:189,0
DA:191,0
DA:192,0
DA:193,0
DA:197,1
DA:198,2
DA:200,1
DA:202,2
DA:203,1
DA:206,0
DA:208,0
DA:209,0
DA:216,0
DA:218,0
DA:219,0
DA:222,0
DA:224,0
DA:225,0
DA:232,0
DA:234,0
DA:235,0
DA:238,0
DA:240,0
DA:241,0
DA:245,1
DA:246,2
DA:248,1
DA:250,4
DA:256,0
DA:258,0
DA:264,0
DA:266,0
DA:269,1
DA:270,2
DA:272,1
DA:274,2
DA:277,1
DA:279,2
DA:283,0
DA:285,0
DA:288,0
DA:290,0
DA:294,1
DA:296,2
DA:299,1
DA:301,2
DA:305,0
DA:307,0
DA:310,0
DA:312,0
DA:316,0
DA:318,0
DA:321,0
DA:323,0
DA:327,1
DA:329,2
DA:332,1
DA:334,2
DA:338,0
DA:340,0
DA:343,0
DA:345,0
DA:349,1
DA:351,2
DA:354,1
DA:356,2
DA:360,0
DA:362,0
DA:365,0
DA:367,0
DA:371,0
DA:373,0
DA:376,0
DA:378,0
DA:382,0
DA:385,0
DA:386,0
DA:387,0
DA:388,0
DA:389,0
DA:390,0
DA:391,0
DA:392,0
DA:393,0
DA:394,0
DA:395,0
DA:396,0
DA:397,0
DA:398,0
DA:399,0
DA:400,0
DA:401,0
LF:178
LH:48
end_of_record
SF:lib\app\features\home\presentation\stores\home_store.dart
DA:27,1
DA:45,0
DA:46,0
DA:48,0
DA:49,0
DA:51,0
DA:52,0
DA:54,0
DA:55,0
DA:57,0
DA:58,0
DA:67,0
DA:68,0
DA:69,1
DA:71,7
DA:72,1
DA:74,4
DA:75,1
DA:77,4
DA:78,1
DA:80,4
DA:82,0
DA:83,0
DA:84,0
DA:86,0
DA:87,0
DA:89,0
DA:90,0
DA:91,0
DA:92,0
DA:93,0
DA:94,0
DA:95,0
DA:97,0
DA:99,0
DA:100,0
DA:104,1
DA:106,1
DA:107,1
DA:110,3
DA:113,3
DA:116,3
DA:119,3
DA:121,1
DA:122,1
DA:130,1
DA:131,1
DA:132,1
DA:133,1
DA:135,1
DA:136,1
DA:137,1
DA:140,1
DA:141,1
DA:142,1
DA:145,1
DA:146,1
DA:147,1
DA:150,1
DA:151,1
DA:152,1
DA:155,1
DA:158,0
DA:160,0
DA:161,0
DA:163,0
DA:166,0
DA:169,0
DA:172,0
DA:174,0
DA:175,0
DA:183,0
DA:184,0
DA:185,0
DA:186,0
DA:188,0
DA:189,0
DA:190,0
DA:193,0
DA:194,0
DA:195,0
DA:198,0
DA:199,0
DA:200,0
DA:203,0
DA:204,0
DA:205,0
DA:208,0
DA:211,0
DA:213,0
DA:216,0
DA:218,0
DA:219,0
DA:220,0
DA:223,0
DA:226,1
DA:227,1
DA:229,0
DA:230,0
DA:232,3
DA:234,1
DA:235,2
DA:236,0
DA:237,0
DA:238,0
DA:240,0
DA:242,1
DA:243,2
DA:244,0
DA:245,0
DA:247,1
DA:249,2
DA:251,0
DA:252,0
DA:254,0
DA:255,0
LF:116
LH:44
end_of_record
SF:lib\app\core\error\failure_extension.dart
DA:4,2
DA:6,2
LF:2
LH:2
end_of_record
SF:lib\app\features\home\presentation\stores\movie_details_store.dart
DA:22,1
DA:27,0
DA:28,0
DA:36,1
DA:37,1
DA:39,1
DA:40,1
DA:44,1
DA:46,1
DA:47,1
DA:49,3
DA:51,3
DA:53,1
DA:54,1
DA:55,1
DA:58,1
DA:59,1
DA:60,1
DA:63,1
DA:66,1
DA:67,1
DA:69,3
DA:71,1
DA:72,1
DA:74,1
DA:75,2
DA:77,1
DA:79,2
LF:28
LH:26
end_of_record
SF:lib\app\features\home\presentation\stores\movie_details_store.g.dart
DA:14,0
DA:15,0
DA:17,0
DA:20,1
DA:22,4
DA:24,1
DA:27,1
DA:28,1
DA:29,3
DA:31,1
DA:33,1
DA:34,2
DA:36,0
DA:38,0
DA:39,0
DA:42,1
DA:44,4
DA:45,1
DA:49,1
DA:50,2
DA:52,1
DA:54,2
DA:55,1
DA:58,1
DA:60,4
DA:61,1
DA:65,1
DA:66,2
DA:68,1
DA:70,2
DA:71,1
DA:74,1
DA:76,4
DA:77,1
DA:81,1
DA:82,2
DA:84,1
DA:86,4
DA:89,1
DA:90,2
DA:92,1
DA:94,2
DA:97,1
DA:99,2
DA:103,1
DA:105,2
DA:108,1
DA:110,2
DA:114,1
DA:116,2
DA:119,1
DA:121,2
DA:125,1
DA:127,2
DA:130,1
DA:132,2
DA:136,0
DA:139,0
DA:140,0
DA:141,0
DA:142,0
LF:61
LH:50
end_of_record
