SF:lib\app\core\usecase\usecase.dart
DA:12,1
DA:13,1
LF:2
LH:2
end_of_record
SF:lib\app\core\error\failure.dart
DA:4,2
DA:5,2
LF:2
LH:2
end_of_record
SF:lib\app\features\home\data\datasources\movie_data_source_impl.dart
DA:13,1
DA:15,1
DA:17,2
DA:18,2
DA:19,1
DA:24,2
DA:25,3
DA:27,1
DA:31,1
DA:33,2
DA:34,1
DA:35,2
DA:36,1
DA:41,2
DA:42,3
DA:43,1
DA:45,1
DA:49,1
DA:51,2
DA:52,1
DA:53,1
DA:54,1
DA:59,2
DA:60,3
DA:61,1
DA:63,1
LF:26
LH:26
end_of_record
SF:lib\app\features\home\data\models\actor_model.dart
DA:4,4
DA:13,2
DA:14,2
DA:15,4
DA:16,2
DA:17,2
DA:18,2
DA:19,2
DA:20,2
DA:24,1
DA:25,1
DA:26,1
DA:27,1
DA:28,1
DA:29,1
DA:30,1
DA:31,1
DA:35,2
DA:36,8
LF:19
LH:19
end_of_record
SF:lib\app\features\home\data\models\movie_model.dart
DA:5,3
DA:21,2
DA:22,2
DA:23,4
DA:24,2
DA:25,2
DA:26,2
DA:27,2
DA:28,6
DA:29,2
DA:30,2
DA:31,4
DA:32,2
DA:33,4
DA:34,2
DA:35,2
DA:39,1
DA:40,1
DA:41,1
DA:42,1
DA:43,1
DA:44,1
DA:45,1
DA:46,5
DA:47,1
DA:48,1
DA:49,1
DA:50,1
DA:51,1
DA:52,1
DA:53,1
DA:57,2
DA:58,8
LF:33
LH:33
end_of_record
SF:lib\app\core\entities\entity.dart
DA:5,17
DA:7,3
DA:8,6
LF:3
LH:3
end_of_record
SF:lib\app\features\home\domain\entities\actor_entity.dart
DA:10,6
LF:1
LH:1
end_of_record
SF:lib\app\features\home\data\models\gender_model.dart
DA:4,7
DA:9,3
DA:10,3
DA:11,6
DA:12,3
DA:16,2
DA:17,2
DA:18,2
DA:19,2
DA:23,3
DA:24,12
LF:11
LH:11
end_of_record
SF:lib\app\features\home\domain\entities\gender_entity.dart
DA:6,7
DA:11,1
DA:12,3
LF:3
LH:3
end_of_record
SF:lib\app\features\home\domain\entities\movie_entity.dart
DA:19,8
DA:35,1
DA:36,1
DA:37,2
DA:38,2
DA:39,1
LF:6
LH:6
end_of_record
SF:lib\app\features\home\data\repositories\movie_repository_impl.dart
DA:12,1
DA:14,1
DA:17,3
DA:18,1
DA:19,2
DA:23,1
DA:28,3
DA:29,1
DA:30,2
DA:34,1
DA:37,3
DA:38,1
DA:39,2
LF:13
LH:13
end_of_record
SF:lib\app\features\home\domain\usecases\get_cast_usecase.dart
DA:12,1
DA:14,1
DA:16,1
DA:17,3
DA:19,0
DA:28,2
DA:33,1
DA:34,3
LF:8
LH:7
end_of_record
SF:lib\app\features\home\data\models\tv_serie_model.dart
DA:5,0
DA:20,0
DA:21,0
DA:22,0
DA:23,0
DA:24,0
DA:25,0
DA:26,0
DA:27,0
DA:28,0
DA:29,0
DA:30,0
DA:31,0
DA:32,0
DA:33,0
DA:37,0
DA:38,0
DA:39,0
DA:40,0
DA:41,0
DA:42,0
DA:43,0
DA:44,0
DA:45,0
DA:46,0
DA:47,0
DA:48,0
DA:49,0
DA:50,0
DA:54,0
DA:55,0
LF:31
LH:0
end_of_record
SF:lib\app\features\home\domain\entities\tv_serie_entity.dart
DA:18,0
DA:20,0
DA:21,0
DA:22,0
DA:24,0
LF:5
LH:0
end_of_record
SF:lib\app\features\home\domain\usecases\get_movies_usecase.dart
DA:11,1
DA:13,1
DA:15,3
DA:22,2
DA:24,1
DA:25,2
LF:6
LH:6
end_of_record
SF:lib\app\features\home\domain\usecases\get_movie_usecase.dart
DA:10,1
DA:12,1
DA:14,3
DA:21,2
DA:23,1
DA:24,2
LF:6
LH:6
end_of_record
SF:lib\app\features\home\domain\usecases\get_tv_series_usecase.dart
DA:12,0
DA:14,0
DA:16,0
DA:23,0
DA:25,0
DA:26,0
LF:6
LH:0
end_of_record
SF:lib\app\features\home\presentation\stores\home_store.g.dart
DA:14,0
DA:15,0
DA:16,0
DA:17,0
DA:20,0
DA:22,0
DA:24,0
DA:27,0
DA:28,0
DA:29,0
DA:31,0
DA:34,1
DA:35,1
DA:36,3
DA:38,1
DA:41,1
DA:43,2
DA:44,2
DA:46,1
DA:49,1
DA:51,2
DA:52,2
DA:54,1
DA:57,1
DA:59,2
DA:60,2
DA:62,1
DA:64,1
DA:65,2
DA:67,0
DA:69,0
DA:70,0
DA:73,1
DA:75,4
DA:76,1
DA:83,0
DA:85,0
DA:86,0
DA:89,0
DA:91,0
DA:92,0
DA:96,1
DA:97,2
DA:99,1
DA:101,2
DA:102,1
DA:105,1
DA:107,4
DA:108,1
DA:112,1
DA:113,2
DA:115,1
DA:117,2
DA:118,1
DA:121,1
DA:123,4
DA:124,1
DA:128,1
DA:129,2
DA:131,1
DA:133,2
DA:134,1
DA:137,1
DA:139,4
DA:140,1
DA:144,1
DA:145,2
DA:147,1
DA:149,2
DA:150,1
DA:153,1
DA:155,4
DA:156,1
DA:160,1
DA:161,2
DA:163,1
DA:165,4
DA:168,1
DA:169,2
DA:171,1
DA:173,2
DA:176,1
DA:178,2
DA:182,0
DA:184,0
DA:187,0
DA:189,0
DA:193,1
DA:195,2
DA:198,1
DA:200,2
DA:204,1
DA:206,2
DA:209,1
DA:211,2
DA:215,1
DA:217,2
DA:220,1
DA:222,2
DA:226,1
DA:228,2
DA:231,1
DA:233,2
DA:237,1
DA:239,2
DA:242,1
DA:244,2
DA:248,0
DA:251,0
DA:252,0
DA:253,0
DA:254,0
DA:255,0
DA:256,0
DA:257,0
DA:258,0
LF:116
LH:83
end_of_record
SF:lib\app\features\home\presentation\stores\home_store.dart
DA:24,1
DA:32,0
DA:33,0
DA:35,0
DA:36,0
DA:38,0
DA:39,0
DA:59,1
DA:60,1
DA:61,1
DA:62,1
DA:63,1
DA:64,1
DA:65,1
DA:66,1
DA:68,0
DA:69,0
DA:70,0
DA:71,0
DA:72,0
DA:73,0
DA:74,0
DA:75,0
DA:79,1
DA:81,1
DA:82,1
DA:85,3
DA:88,3
DA:91,3
DA:94,3
DA:96,1
DA:97,1
DA:105,1
DA:106,1
DA:107,1
DA:108,1
DA:110,1
DA:111,1
DA:112,1
DA:115,1
DA:116,1
DA:117,1
DA:120,1
DA:121,1
DA:122,1
DA:125,1
DA:126,1
DA:127,1
DA:130,1
DA:133,0
DA:135,0
DA:136,0
DA:139,0
DA:142,0
DA:145,0
DA:148,0
DA:150,0
DA:151,0
DA:159,0
DA:160,0
DA:161,0
DA:162,0
DA:164,0
DA:165,0
DA:166,0
DA:169,0
DA:170,0
DA:171,0
DA:174,0
DA:175,0
DA:176,0
DA:179,0
DA:180,0
DA:181,0
DA:184,0
DA:187,1
DA:188,1
DA:190,0
DA:191,0
DA:193,3
DA:195,1
DA:197,2
DA:199,1
DA:201,2
DA:203,1
DA:205,2
DA:207,1
DA:209,2
DA:211,0
DA:213,0
DA:215,0
DA:217,0
DA:219,0
DA:221,0
DA:223,0
DA:225,0
DA:227,1
DA:229,2
LF:98
LH:48
end_of_record
SF:lib\app\core\error\failure_extension.dart
DA:4,2
DA:6,2
LF:2
LH:2
end_of_record
SF:lib\app\features\home\presentation\stores\movie_details_store.dart
DA:22,1
DA:27,0
DA:28,0
DA:36,1
DA:37,1
DA:39,1
DA:40,1
DA:44,1
DA:46,1
DA:47,1
DA:49,3
DA:52,3
DA:54,1
DA:55,1
DA:56,1
DA:59,1
DA:60,1
DA:61,1
DA:64,1
DA:67,1
DA:68,1
DA:70,3
DA:72,1
DA:73,1
DA:75,1
DA:76,2
DA:78,1
DA:80,2
LF:28
LH:26
end_of_record
SF:lib\app\features\home\presentation\stores\movie_details_store.g.dart
DA:14,0
DA:15,0
DA:17,0
DA:20,1
DA:22,4
DA:24,1
DA:27,1
DA:28,1
DA:29,3
DA:31,1
DA:33,1
DA:34,2
DA:36,0
DA:38,0
DA:39,0
DA:42,1
DA:44,4
DA:45,1
DA:49,1
DA:50,2
DA:52,1
DA:54,2
DA:55,1
DA:58,1
DA:60,4
DA:61,1
DA:65,1
DA:66,2
DA:68,1
DA:70,2
DA:71,1
DA:74,1
DA:76,4
DA:77,1
DA:81,1
DA:82,2
DA:84,1
DA:86,4
DA:89,1
DA:90,2
DA:92,1
DA:94,2
DA:97,1
DA:99,2
DA:103,1
DA:105,2
DA:108,1
DA:110,2
DA:114,1
DA:116,2
DA:119,1
DA:121,2
DA:125,1
DA:127,2
DA:130,1
DA:132,2
DA:136,0
DA:139,0
DA:140,0
DA:141,0
DA:142,0
LF:61
LH:50
end_of_record
